2024-04-27 22:10:16 0 [Note] Starting MariaDB 10.4.32-MariaDB source revision c4143f909528e3fab0677a28631d10389354c491 as process 13092
2024-04-27 22:10:16 0 [Note] InnoDB: Mutexes and rw_locks use Windows interlocked functions
2024-04-27 22:10:16 0 [Note] InnoDB: Uses event mutexes
2024-04-27 22:10:16 0 [Note] InnoDB: Compressed tables use zlib 1.3
2024-04-27 22:10:16 0 [Note] InnoDB: Number of pools: 1
2024-04-27 22:10:16 0 [Note] InnoDB: Using SSE2 crc32 instructions
2024-04-27 22:10:16 0 [Note] InnoDB: Initializing buffer pool, total size = 16M, instances = 1, chunk size = 16M
2024-04-27 22:10:16 0 [Note] InnoDB: Completed initialization of buffer pool
2024-04-27 22:10:17 0 [Note] InnoDB: Starting crash recovery from checkpoint LSN=300288
2024-04-27 22:10:19 0 [Note] InnoDB: 128 out of 128 rollback segments are active.
2024-04-27 22:10:19 0 [Note] InnoDB: Removed temporary tablespace data file: "ibtmp1"
2024-04-27 22:10:19 0 [Note] InnoDB: Creating shared tablespace for temporary tables
2024-04-27 22:10:19 0 [Note] InnoDB: Setting file 'E:\YASH\login Database\xamp\mysql\data\ibtmp1' size to 12 MB. Physically writing the file full; Please wait ...
2024-04-27 22:10:19 0 [Note] InnoDB: File 'E:\YASH\login Database\xamp\mysql\data\ibtmp1' size is now 12 MB.
2024-04-27 22:10:19 0 [Note] InnoDB: Waiting for purge to start
2024-04-27 22:10:19 0 [Note] InnoDB: 10.4.32 started; log sequence number 300297; transaction id 170
2024-04-27 22:10:19 0 [Note] InnoDB: Loading buffer pool(s) from E:\YASH\login Database\xamp\mysql\data\ib_buffer_pool
2024-04-27 22:10:19 0 [Note] Plugin 'FEEDBACK' is disabled.
2024-04-27 22:10:19 0 [Note] Server socket created on IP: '::'.
2024-04-27 22:10:20 0 [Note] Reading of all Master_info entries succeeded
2024-04-27 22:10:20 0 [Note] Added new Master_info '' to hash table
2024-04-27 22:10:20 0 [Note] mysql\bin\mysqld.exe: ready for connections.
Version: '10.4.32-MariaDB'  socket: ''  port: 3306  mariadb.org binary distribution
2024-04-27 22:10:20 0 [Note] InnoDB: Buffer pool(s) load completed at 240427 22:10:20
2024-04-27 22:11:03 0 [Note] Starting MariaDB 10.4.32-MariaDB source revision c4143f909528e3fab0677a28631d10389354c491 as process 3348
2024-04-27 22:11:03 0 [Note] InnoDB: Mutexes and rw_locks use Windows interlocked functions
2024-04-27 22:11:03 0 [Note] InnoDB: Uses event mutexes
2024-04-27 22:11:03 0 [Note] InnoDB: Compressed tables use zlib 1.3
2024-04-27 22:11:03 0 [Note] InnoDB: Number of pools: 1
2024-04-27 22:11:03 0 [Note] InnoDB: Using SSE2 crc32 instructions
2024-04-27 22:11:03 0 [Note] InnoDB: Initializing buffer pool, total size = 16M, instances = 1, chunk size = 16M
2024-04-27 22:11:03 0 [Note] InnoDB: Completed initialization of buffer pool
2024-04-27 22:11:03 0 [Note] InnoDB: Starting crash recovery from checkpoint LSN=300306
2024-04-27 22:11:03 0 [Note] InnoDB: 128 out of 128 rollback segments are active.
2024-04-27 22:11:03 0 [Note] InnoDB: Removed temporary tablespace data file: "ibtmp1"
2024-04-27 22:11:03 0 [Note] InnoDB: Creating shared tablespace for temporary tables
2024-04-27 22:11:03 0 [Note] InnoDB: Setting file 'E:\YASH\login Database\xamp\mysql\data\ibtmp1' size to 12 MB. Physically writing the file full; Please wait ...
2024-04-27 22:11:03 0 [Note] InnoDB: File 'E:\YASH\login Database\xamp\mysql\data\ibtmp1' size is now 12 MB.
2024-04-27 22:11:04 0 [Note] InnoDB: Waiting for purge to start
2024-04-27 22:11:04 0 [Note] InnoDB: 10.4.32 started; log sequence number 300315; transaction id 170
2024-04-27 22:11:04 0 [Note] InnoDB: Loading buffer pool(s) from E:\YASH\login Database\xamp\mysql\data\ib_buffer_pool
2024-04-27 22:11:04 0 [Note] Plugin 'FEEDBACK' is disabled.
2024-04-27 22:11:04 0 [Note] Server socket created on IP: '::'.
2024-04-29 10:34:10 0 [Note] Starting MariaDB 10.4.32-MariaDB source revision c4143f909528e3fab0677a28631d10389354c491 as process 16020
2024-04-29 10:34:10 0 [Note] InnoDB: Mutexes and rw_locks use Windows interlocked functions
2024-04-29 10:34:10 0 [Note] InnoDB: Uses event mutexes
2024-04-29 10:34:10 0 [Note] InnoDB: Compressed tables use zlib 1.3
2024-04-29 10:34:10 0 [Note] InnoDB: Number of pools: 1
2024-04-29 10:34:10 0 [Note] InnoDB: Using SSE2 crc32 instructions
2024-04-29 10:34:10 0 [Note] InnoDB: Initializing buffer pool, total size = 16M, instances = 1, chunk size = 16M
2024-04-29 10:34:10 0 [Note] InnoDB: Completed initialization of buffer pool
2024-04-29 10:34:11 0 [Note] InnoDB: Starting crash recovery from checkpoint LSN=315696
2024-04-29 10:34:14 0 [Note] InnoDB: 128 out of 128 rollback segments are active.
2024-04-29 10:34:14 0 [Note] InnoDB: Removed temporary tablespace data file: "ibtmp1"
2024-04-29 10:34:14 0 [Note] InnoDB: Creating shared tablespace for temporary tables
2024-04-29 10:34:14 0 [Note] InnoDB: Setting file 'E:\YASH\login Database\xamp\mysql\data\ibtmp1' size to 12 MB. Physically writing the file full; Please wait ...
2024-04-29 10:34:14 0 [Note] InnoDB: File 'E:\YASH\login Database\xamp\mysql\data\ibtmp1' size is now 12 MB.
2024-04-29 10:34:14 0 [Note] InnoDB: Waiting for purge to start
2024-04-29 10:34:14 0 [Note] InnoDB: 10.4.32 started; log sequence number 315705; transaction id 223
2024-04-29 10:34:14 0 [Note] InnoDB: Loading buffer pool(s) from E:\YASH\login Database\xamp\mysql\data\ib_buffer_pool
2024-04-29 10:34:14 0 [Note] Plugin 'FEEDBACK' is disabled.
2024-04-29 10:34:14 0 [Note] InnoDB: Buffer pool(s) load completed at 240429 10:34:14
2024-04-29 10:34:15 0 [Note] Server socket created on IP: '::'.
