[Sat Apr 27 22:10:17.051574 2024] [ssl:warn] [pid 8436:tid 452] AH01909: www.example.com:443:0 server certificate does NOT include an ID which matches the server name
[Sat Apr 27 22:10:17.474923 2024] [ssl:warn] [pid 8436:tid 452] AH01909: www.example.com:443:0 server certificate does NOT include an ID which matches the server name
[Sat Apr 27 22:10:17.754493 2024] [mpm_winnt:notice] [pid 8436:tid 452] AH00455: Apache/2.4.58 (Win64) OpenSSL/3.1.3 PHP/8.2.12 configured -- resuming normal operations
[Sat Apr 27 22:10:17.754493 2024] [mpm_winnt:notice] [pid 8436:tid 452] AH00456: Apache Lounge VS17 Server built: Oct 18 2023 13:03:18
[Sat Apr 27 22:10:17.754493 2024] [core:notice] [pid 8436:tid 452] AH00094: Command line: 'apache\\bin\\httpd.exe -d E:/YASH/login Database/xamp/apache -f conf\\httpd.conf'
[Sat Apr 27 22:10:17.781053 2024] [mpm_winnt:notice] [pid 8436:tid 452] AH00418: Parent: Created child process 4084
Apache server shutdown initiated...
sl:warn] [pid 4084:tid 464] AH01909: www.example.com:443:0 server certificate does NOT include an ID which matches the server name
[Sat Apr 27 22:10:18.597482 2024] [ssl:warn] [pid 4084:tid 464] AH01909: www.example.com:443:0 server certificate does NOT include an ID which matches the server name
[Sat Apr 27 22:10:18.700600 2024] [mpm_winnt:notice] [pid 4084:tid 464] AH00354: Child: Starting 150 worker threads.
[Sat Apr 27 22:10:32.307775 2024] [mpm_winnt:notice] [pid 8436:tid 452] AH00422: Parent: Received shutdown signal -- Shutting down the server.
[Sat Apr 27 22:10:34.322277 2024] [mpm_winnt:notice] [pid 4084:tid 464] AH00364: Child: All worker threads have exited.
[Sat Apr 27 22:10:34.383712 2024] [mpm_winnt:notice] [pid 8436:tid 452] AH00430: Parent: Child process 4084 exited successfully.
[Sat Apr 27 22:10:58.635888 2024] [ssl:warn] [pid 11616:tid 468] AH01909: www.example.com:443:0 server certificate does NOT include an ID which matches the server name
[Sat Apr 27 22:10:58.810590 2024] [ssl:warn] [pid 11616:tid 468] AH01909: www.example.com:443:0 server certificate does NOT include an ID which matches the server name
[Sat Apr 27 22:10:58.859710 2024] [mpm_winnt:notice] [pid 11616:tid 468] AH00455: Apache/2.4.58 (Win64) OpenSSL/3.1.3 PHP/8.2.12 configured -- resuming normal operations
[Sat Apr 27 22:10:58.859710 2024] [mpm_winnt:notice] [pid 11616:tid 468] AH00456: Apache Lounge VS17 Server built: Oct 18 2023 13:03:18
[Sat Apr 27 22:10:58.859710 2024] [core:notice] [pid 11616:tid 468] AH00094: Command line: 'e:\\yash\\login database\\xamp\\apache\\bin\\httpd.exe -d E:/YASH/login Database/xamp/apache'
[Sat Apr 27 22:10:58.869616 2024] [mpm_winnt:notice] [pid 11616:tid 468] AH00418: Parent: Created child process 356
[Sat Apr 27 22:10:59.434925 2024] [ssl:warn] [pid 356:tid 448] AH01909: www.example.com:443:0 server certificate does NOT include an ID which matches the server name
[Sat Apr 27 22:10:59.627330 2024] [ssl:warn] [pid 356:tid 448] AH01909: www.example.com:443:0 server certificate does NOT include an ID which matches the server name
[Sat Apr 27 22:10:59.691211 2024] [mpm_winnt:notice] [pid 356:tid 448] AH00354: Child: Starting 150 worker threads.
[Mon Apr 29 10:34:12.332044 2024] [ssl:warn] [pid 15888:tid 424] AH01909: www.example.com:443:0 server certificate does NOT include an ID which matches the server name
[Mon Apr 29 10:34:12.710467 2024] [core:warn] [pid 15888:tid 424] AH00098: pid file E:/YASH/login Database/xamp/apache/logs/httpd.pid overwritten -- Unclean shutdown of previous Apache run?
[Mon Apr 29 10:34:12.746434 2024] [ssl:warn] [pid 15888:tid 424] AH01909: www.example.com:443:0 server certificate does NOT include an ID which matches the server name
[Mon Apr 29 10:34:14.825731 2024] [mpm_winnt:notice] [pid 15888:tid 424] AH00455: Apache/2.4.58 (Win64) OpenSSL/3.1.3 PHP/8.2.12 configured -- resuming normal operations
[Mon Apr 29 10:34:14.825731 2024] [mpm_winnt:notice] [pid 15888:tid 424] AH00456: Apache Lounge VS17 Server built: Oct 18 2023 13:03:18
[Mon Apr 29 10:34:14.825731 2024] [core:notice] [pid 15888:tid 424] AH00094: Command line: 'e:\\yash\\login database\\xamp\\apache\\bin\\httpd.exe -d E:/YASH/login Database/xamp/apache'
[Mon Apr 29 10:34:14.833017 2024] [mpm_winnt:notice] [pid 15888:tid 424] AH00418: Parent: Created child process 16316
[Mon Apr 29 10:34:15.619801 2024] [ssl:warn] [pid 16316:tid 428] AH01909: www.example.com:443:0 server certificate does NOT include an ID which matches the server name
[Mon Apr 29 10:34:15.861974 2024] [ssl:warn] [pid 16316:tid 428] AH01909: www.example.com:443:0 server certificate does NOT include an ID which matches the server name
[Mon Apr 29 10:34:15.976440 2024] [mpm_winnt:notice] [pid 16316:tid 428] AH00354: Child: Starting 150 worker threads.
